MPASM  5.43                          MAIN.ASM   7-7-2024  1:38:30         PAGE  1


LOC  OBJECT CODE     LINE SOURCE TEXT
  VALUE

                      00001 ;;;;;;;;;;;;;;;;;;;;;;;;;;;;;;;;;;;;;;;;;;;;;;;;;;;;;;;;;;;
                      00002 ;
                      00003 ;       Project 4
                      00004 ;
                      00005 ;       Lama Naser 1200190
                      00006 ;       Maha Mali 1200746
                      00007 ;       Sewar Abueid 
                      00008 ;
                      00009 ;;;;;;;;;;;;;;;;;;;;;;;;;;;;;;;;;;;;;;;;;;;;;;;;;;;;;;;;;;;
                      00010 
                      00011         PROCESSOR 16F877
                      00012 ;       Clock = XT 4MHz, standard fuse settings
2007   3731           00013         __CONFIG 0x3731 ; 00011011100110001
                      00014 
                      00015 ;       LABEL EQUATES   ;;;;;;;;;;;;;;;;;;;;;;;;;;;;;;;;;;;
                      00016         INCLUDE "P16F877A.INC"  
                      00001         LIST
                      00002 
                      00003 ;==========================================================================
                      00004 ;  MPASM PIC16F877A processor include
                      00005 ; 
                      00006 ;  (c) Copyright 1999-2011 Microchip Technology, All rights reserved
                      00007 ;==========================================================================
                      00008 
                      00564         LIST
                      00017 
                      00018 
  00000030            00019 Char            EQU             30      ; Display character code
  00000031            00020 Num1    EQU             31      ; First minimum reading
  00000032            00021 Num2    EQU             32      ; Second minimum reading
  00000033            00022 Num3    EQU             33      ; Third minimum reading
  00000034            00023 Num4    EQU             34      ; Fourth minimum reading
  00000035            00024 Temp    EQU             35      ; Temporary register
  00000036            00025 Blinks  EQU             36      ; Count of nuber of blinks
                      00026 
                      00027 ;Kcode  EQU             37      ; ASCII code for key
                      00028 ;Msd            EQU             38      ; Most significant digit of result
                      00029 ;Lsd            EQU             39      ; Least significant digit of result
                      00030 ;Kval   EQU             40      ; Key numerical value
                      00031 
  00000001            00032 RS              EQU             1       ; Register select output bit
  00000002            00033 E               EQU             2       ; Display data strobe
                      00034 
                      00035 ; Program begins ;;;;;;;;;;;;;;;;;;;;;;;;;;;;;;;;;;;;;;;;;;
                      00036 
0000                  00037         ORG             0               ; Default start address 
0000   0000           00038         NOP                             ; required for ICD mode
                      00039 
0001   1683 1303      00040         BANKSEL TRISC           ; Select bank 1
Message[302]: Register in operand not in bank 0.  Ensure that bank bits are correct.
0003   0188           00041         CLRF    TRISD           ; Display port is output for LCD
                      00042 
0004   1283 1303      00043         BANKSEL PORTC           ; Select bank 0
MPASM  5.43                          MAIN.ASM   7-7-2024  1:38:30         PAGE  2


LOC  OBJECT CODE     LINE SOURCE TEXT
  VALUE

0006   0188           00044         CLRF    PORTD           ; Clear display outputs
                      00045 
0007   2808           00046         GOTO    start                   ; Jump to main program
                      00047 
                      00048 ; MAIN LOOP ;;;;;;;;;;;;;;;;;;;;;;;;;;;;;;;;;;;;;;;;;;;;;;;
                      00049 
0008                  00050 start
0008   202F           00051         CALL    inid                    ; Initialise the display
0009   3080           00052         MOVLW   0x80            ; position to home cursor
000A   10F4           00053         BCF     Select,RS                       ; Select command mode
000B   201F           00054         CALL    send                    ; and send code
Warning[211]: Extraneous arguments on the line.
000C   0103           00055         CLRW    Char                    ; ASCII = 0
                      00056         
000D   204A           00057         CALL displayBlinks
                      00058 
000E                  00059 loop:
000E   280E           00060         GOTO loop
                      00061 
                      00062 ; SUBROUTINES ;;;;;;;;;;;;;;;;;;;;;;;;;;;;;;;;;;;;;;;;;;;;;
                      00063 
                      00064 ; Include LCD driver routine    
                      00065         INCLUDE "LCDIS.INC"
                      00001 ;--------------------------------------------------------------
                      00002 ;       LCDIS.INC               MPB     19-12-05
                      00003 ;
                      00004 ;       Include file to operate 16x2 LCD display
                      00005 ;       Uses GPR 70 - 75
                      00006 ;       
                      00007 ;       Final version
                      00008 ;--------------------------------------------------------------
                      00009 
  00000070            00010 Timer1  EQU     70              ; 1ms count register
  00000071            00011 TimerX  EQU     71              ; Xms count register
  00000072            00012 Var     EQU     72              ; Output variable
  00000073            00013 Point   EQU     73              ; Program table pointer
  00000074            00014 Select  EQU     74              ; Used to set or clear RS bit
  00000075            00015 OutCod  EQU     75              ; Temp store for output code
                      00016 
  00000001            00017 RS      EQU     1               ; Register select output bit
  00000002            00018 E       EQU     2               ; Enable display input
                      00019 
                      00020 
                      00021 ;--------------------------------------------------------------
                      00022 ;       1ms delay with 1us cycle time (1000 cycles)
                      00023 ;--------------------------------------------------------------
000F   30F9           00024 onems   MOVLW   D'249'          ; Count for 1ms delay 
0010   00F0           00025         MOVWF   Timer1          ; Load count
0011   0000           00026 loop1   NOP                     ; Pad for 4 cycle loop
Message[305]: Using default destination of 1 (file).
0012   0BF0           00027         DECFSZ  Timer1          ; Count
0013   2811           00028         GOTO    loop1           ; until Z
0014   0008           00029         RETURN                  ; and finish
MPASM  5.43                          MAIN.ASM   7-7-2024  1:38:30         PAGE  3


LOC  OBJECT CODE     LINE SOURCE TEXT
  VALUE

                      00030 
                      00031 ;--------------------------------------------------------------
                      00032 ;       Delay Xms
                      00033 ;       Receives count in W, uses Onems
                      00034 ;--------------------------------------------------------------
0015   00F1           00035 xms     MOVWF   TimerX          ; Count for X ms
0016   200F           00036 loopX   CALL    onems           ; Delay 1ms
Message[305]: Using default destination of 1 (file).
0017   0BF1           00037         DECFSZ  TimerX          ; Repeat X times 
0018   2816           00038         GOTO    loopX           ; until Z
0019   0008           00039         RETURN                  ; and finish
                      00040 
                      00041 ;--------------------------------------------------------------
                      00042 ;       Generate data/command clock siganl E
                      00043 ;--------------------------------------------------------------
001A   1508           00044 pulseE  BSF     PORTD,E         ; Set E high
001B   200F           00045         CALL    onems           ; Delay 1ms
001C   1108           00046         BCF     PORTD,E         ; Reset E low
001D   200F           00047         CALL    onems           ; Delay 1ms
001E   0008           00048         RETURN                  ; done
                      00049 
                      00050 ;--------------------------------------------------------------
                      00051 ;       Send a command byte in two nibbles from RB4 - RB7
                      00052 ;       Receives command in W, uses PulseE and Onems
                      00053 ;--------------------------------------------------------------
001F   00F5           00054 send    MOVWF   OutCod          ; Store output code
0020   39F0           00055         ANDLW   0F0             ; Clear low nybble
0021   0088           00056         MOVWF   PORTD           ; Output high nybble
0022   18F4           00057         BTFSC   Select,RS       ; Test RS bit
0023   1488           00058         BSF     PORTD,RS        ; and set for data
0024   201A           00059         CALL    pulseE          ; and clock display register
0025   200F           00060         CALL    onems           ; wait 1ms for display
                      00061 
Message[305]: Using default destination of 1 (file).
0026   0EF5           00062         SWAPF   OutCod          ; Swap low and high nybbles 
0027   0875           00063         MOVF    OutCod,W        ; Retrieve output code
0028   39F0           00064         ANDLW   0F0             ; Clear low nybble
0029   0088           00065         MOVWF   PORTD           ; Output low nybble
002A   18F4           00066         BTFSC   Select,RS       ; Test RS bit
002B   1488           00067         BSF     PORTD,RS        ; and set for data
002C   201A           00068         CALL    pulseE          ; and clock display register
002D   200F           00069         CALL    onems           ; wait 1ms for display
002E   0008           00070         RETURN                  ; done
                      00071 
                      00072 ;--------------------------------------------------------------
                      00073 ;       Initialise the display
                      00074 ;       Uses Send
                      00075 ;--------------------------------------------------------------
002F   3064           00076 inid    MOVLW   D'100'          ; Load count for 100ms delay
0030   2015           00077         CALL    xms             ; and wait for display start
0031   30F0           00078         MOVLW   0F0             ; Mask for select code
0032   00F4           00079         MOVWF   Select          ; High nybble not masked
                      00080 
MPASM  5.43                          MAIN.ASM   7-7-2024  1:38:30         PAGE  4


LOC  OBJECT CODE     LINE SOURCE TEXT
  VALUE

0033   3030           00081         MOVLW   0x30            ; Load initial nibble
0034   0088           00082         MOVWF   PORTD           ; and output it to display
0035   201A           00083         CALL    pulseE          ; Latch initial code
0036   3005           00084         MOVLW   D'5'            ; Set delay 5ms
0037   2015           00085         CALL    xms             ; and wait
0038   201A           00086         CALL    pulseE          ; Latch initial code again
0039   200F           00087         CALL    onems           ; Wait 1ms
003A   201A           00088         CALL    pulseE          ; Latch initial code again
003B   1208           00089         BCF     PORTD,4         ; Set 4-bit mode
003C   201A           00090         CALL    pulseE          ; Latch it
                      00091         
003D   3028           00092         MOVLW   0x28            ; Set 4-bit mode, 2 lines
003E   201F           00093         CALL    send            ; and send code
003F   3008           00094         MOVLW   0x08            ; Switch off display
0040   201F           00095         CALL    send            ; and send code
0041   3001           00096         MOVLW   0x01            ; Code to clear display
0042   201F           00097         CALL    send            ; and send code
0043   3006           00098         MOVLW   0x06            ; Enable cursor auto inc  
0044   201F           00099         CALL    send            ; and send code
0045   3080           00100         MOVLW   0x80            ; Zero display address
0046   201F           00101         CALL    send            ; and send code
0047   300C           00102         MOVLW   0x0C            ; Turn on display  
0048   201F           00103         CALL    send            ; and send code
                      00104 
0049   0008           00105         RETURN                  ; Done
                      00106 
                      00107 ;--------------------------------------------------------------
                      00066         
004A                  00067 displayBlinks:
004A   3003           00068         MOVLW   D'3'            ; Load the W register with the value 3
004B   00B6           00069         MOVWF Blinks    ; Store the value in the Blinks register
                      00070 
Warning[207]: Found label after column 1. (loop_blink)
004C                  00071         loop_blink
                      00072         ; Display 'Welcome to' on first row
004C   14F4           00073         BSF Select, RS                  ; Select command mode
004D   3057           00074         movlw 'W'                       ; move letter 'W' to register w
004E   201F           00075         call send                               ; and send code
                      00076         
004F   14F4           00077         BSF Select, RS                  ; Select command mode
0050   3065           00078         movlw 'e'                       ; move letter 'e' to register w
0051   201F           00079         call send                               ; and send code
                      00080         
0052   14F4           00081         BSF Select, RS                  ; Select command mode
0053   306C           00082         movlw 'l'                       ; move letter 'l' to register w
0054   201F           00083         call send                               ; and send code
                      00084         
0055   14F4           00085         BSF Select, RS                  ; Select command mode
0056   3063           00086         movlw 'c'                       ; move letter 'c' to register w
0057   201F           00087         call send                               ; and send code
                      00088         
0058   14F4           00089         BSF Select, RS                  ; Select command mode
0059   306D           00090         movlw 'm'                       ; move letter 'm' to register w
MPASM  5.43                          MAIN.ASM   7-7-2024  1:38:30         PAGE  5


LOC  OBJECT CODE     LINE SOURCE TEXT
  VALUE

005A   201F           00091         call send                               ; and send code
                      00092         
005B   14F4           00093         BSF Select, RS                  ; Select command mode
005C   3065           00094         movlw 'e'                       ; move letter 'e' to register w
005D   201F           00095         call send                               ; and send code
                      00096         
005E   14F4           00097         BSF Select, RS                  ; Select command mode
005F   3020           00098         movlw ' '                       ; move letter space to register w
0060   201F           00099         call send                               ; and send code
                      00100 
0061   14F4           00101         BSF Select, RS                  ; Select command mode
0062   3074           00102         movlw 't'                       ; move letter 't' to register w
0063   201F           00103         call send                               ; and send code
                      00104 
0064   14F4           00105         BSF Select, RS                  ; Select command mode
0065   306F           00106         movlw 'o'                       ; move letter 'o' to register w
0066   201F           00107         call send                               ; and send code
                      00108 
                      00109         ; Display 'SFR04 Modules' on second row
0067   30C0           00110         MOVLW   0xC0            ; position to second row
0068   10F4           00111         BCF     Select,RS                       ; Select command mode
0069   201F           00112         CALL    send                    ; and send code
                      00113         
006A   14F4           00114         BSF Select, RS                  ; Select command mode
006B   3053           00115         movlw 'S'                               ; move letter 'S' to register w
006C   201F           00116         call send                               ; and send code
                      00117 
006D   14F4           00118         BSF Select, RS                  ; Select command mode
006E   3046           00119         movlw 'F'                               ; move letter 'F' to register w
006F   201F           00120         call send                               ; and send code
                      00121 
0070   14F4           00122         BSF Select, RS                  ; Select command mode
0071   3052           00123         movlw 'R'                               ; move letter 'R' to register w
0072   201F           00124         call send                               ; and send code 
                      00125 
0073   14F4           00126         BSF Select, RS                  ; Select command mode
0074   3030           00127         movlw '0'                               ; move letter '0' to register w
0075   201F           00128         call send                               ; and send code
                      00129 
0076   14F4           00130         BSF Select, RS                  ; Select command mode
0077   3034           00131         movlw '4'                               ; move letter '4' to register w
0078   201F           00132         call send                               ; and send code
                      00133 
0079   14F4           00134         BSF Select, RS                  ; Select command mode
007A   3020           00135         movlw ' '                               ; move letter space to register w
007B   201F           00136         call send                               ; and send code
                      00137 
007C   14F4           00138         BSF Select, RS                  ; Select command mode
007D   304D           00139         movlw 'M'                               ; move letter '0' to register w
007E   201F           00140         call send                               ; and send code
                      00141 
007F   14F4           00142         BSF Select, RS                  ; Select command mode
0080   306F           00143         movlw 'o'                               ; move letter 'o' to register w
MPASM  5.43                          MAIN.ASM   7-7-2024  1:38:30         PAGE  6


LOC  OBJECT CODE     LINE SOURCE TEXT
  VALUE

0081   201F           00144         call send                               ; and send code
                      00145 
0082   14F4           00146         BSF Select, RS                  ; Select command mode
0083   3064           00147         movlw 'd'                               ; move letter 'd' to register w
0084   201F           00148         call send                               ; and send code
                      00149 
0085   14F4           00150         BSF Select, RS                  ; Select command mode
0086   3075           00151         movlw 'u'                               ; move letter 'u' to register w
0087   201F           00152         call send                               ; and send code
                      00153 
0088   14F4           00154         BSF Select, RS                  ; Select command mode
0089   306C           00155         movlw 'l'                               ; move letter 'l' to register w
008A   201F           00156         call send                               ; and send code
                      00157 
008B   14F4           00158         BSF Select, RS                  ; Select command mode
008C   3073           00159         movlw 's'                               ; move letter 's' to register w
008D   201F           00160         call send                               ; and send code
                      00161         
                      00162         ; Delay with 0.5 second = 500ms
Warning[202]: Argument out of range.  Least significant bits used.
008E   3000           00163         MOVLW 500                       ; move 500 to register w
008F   2015           00164         CALL xms                        ; call xms delay function from LCD include file
0090   2095           00165         CALL clear                      ; clear the display
0091   2015           00166         CALL xms                        ; delay for 0.5 second
                      00167         ;MOVF Blinks,W          ; load blinks value into register W
0092   0BB6           00168         DECFSZ Blinks,F                         ;Decrement W and skip the next instruction if not zero  
                                    
0093   284C           00169         GOTO loop_blink
0094   0008           00170         RETURN
                      00171         
                      00172         ;not_zero:
                      00173         ;MOVWF Blinks   ; Store the value in the Blinks register
                      00174         ;GOTO loop_blink
                      00175         
                      00176 ; Restart ................................................
0095                  00177 clear:
0095   3001           00178         MOVLW   01                      ; code to clear display
0096   10F4           00179         BCF     Select,RS                       ; Select data mode
0097   201F           00180         CALL    send                    ; and send code 
0098   0008           00181         RETURN
                      00182 
                      00183         END     ;;;;;;;;;;;;;;;;;;;;;;;;;;;;;;;;;;;;;;;;;;
MPASM  5.43                          MAIN.ASM   7-7-2024  1:38:30         PAGE  7


SYMBOL TABLE
  LABEL                             VALUE 

ACKDT                             00000005
ACKEN                             00000004
ACKSTAT                           00000006
ADCON0                            0000001F
ADCON1                            0000009F
ADCS0                             00000006
ADCS1                             00000007
ADCS2                             00000006
ADDEN                             00000003
ADFM                              00000007
ADIE                              00000006
ADIF                              00000006
ADON                              00000000
ADRESH                            0000001E
ADRESL                            0000009E
BCLIE                             00000003
BCLIF                             00000003
BF                                00000000
BRGH                              00000002
Blinks                            00000036
C                                 00000000
C1INV                             00000004
C1OUT                             00000006
C2INV                             00000005
C2OUT                             00000007
CCP1CON                           00000017
CCP1IE                            00000002
CCP1IF                            00000002
CCP1M0                            00000000
CCP1M1                            00000001
CCP1M2                            00000002
CCP1M3                            00000003
CCP1X                             00000005
CCP1Y                             00000004
CCP2CON                           0000001D
CCP2IE                            00000000
CCP2IF                            00000000
CCP2M0                            00000000
CCP2M1                            00000001
CCP2M2                            00000002
CCP2M3                            00000003
CCP2X                             00000005
CCP2Y                             00000004
CCPR1                             00000015
CCPR1H                            00000016
CCPR1L                            00000015
CCPR2                             0000001B
CCPR2H                            0000001C
CCPR2L                            0000001B
CHS0                              00000003
CHS1                              00000004
CHS2                              00000005
CIS                               00000003
MPASM  5.43                          MAIN.ASM   7-7-2024  1:38:30         PAGE  8


SYMBOL TABLE
  LABEL                             VALUE 

CKE                               00000006
CKP                               00000004
CM0                               00000000
CM1                               00000001
CM2                               00000002
CMCON                             0000009C
CMIE                              00000006
CMIF                              00000006
CREN                              00000004
CSRC                              00000007
CVR0                              00000000
CVR1                              00000001
CVR2                              00000002
CVR3                              00000003
CVRCON                            0000009D
CVREN                             00000007
CVROE                             00000006
CVRR                              00000005
Char                              00000030
D                                 00000005
DATA_ADDRESS                      00000005
DC                                00000001
D_A                               00000005
D_NOT_A                           00000005
E                                 00000002
EEADR                             0000010D
EEADRH                            0000010F
EECON1                            0000018C
EECON2                            0000018D
EEDATA                            0000010C
EEDATH                            0000010E
EEIE                              00000004
EEIF                              00000004
EEPGD                             00000007
F                                 00000001
FERR                              00000002
FSR                               00000004
GCEN                              00000007
GIE                               00000007
GO                                00000002
GO_DONE                           00000002
GO_NOT_DONE                       00000002
I2C_DATA                          00000005
I2C_READ                          00000002
I2C_START                         00000003
I2C_STOP                          00000004
IBF                               00000007
IBOV                              00000005
INDF                              00000000
INTCON                            0000000B
INTE                              00000004
INTEDG                            00000006
INTF                              00000001
MPASM  5.43                          MAIN.ASM   7-7-2024  1:38:30         PAGE  9


SYMBOL TABLE
  LABEL                             VALUE 

IRP                               00000007
NOT_A                             00000005
NOT_ADDRESS                       00000005
NOT_BO                            00000000
NOT_BOR                           00000000
NOT_DONE                          00000002
NOT_PD                            00000003
NOT_POR                           00000001
NOT_RBPU                          00000007
NOT_RC8                           00000006
NOT_T1SYNC                        00000002
NOT_TO                            00000004
NOT_TX8                           00000006
NOT_W                             00000002
NOT_WRITE                         00000002
Num1                              00000031
Num2                              00000032
Num3                              00000033
Num4                              00000034
OBF                               00000006
OERR                              00000001
OPTION_REG                        00000081
OutCod                            00000075
P                                 00000004
PCFG0                             00000000
PCFG1                             00000001
PCFG2                             00000002
PCFG3                             00000003
PCL                               00000002
PCLATH                            0000000A
PCON                              0000008E
PEIE                              00000006
PEN                               00000002
PIE1                              0000008C
PIE2                              0000008D
PIR1                              0000000C
PIR2                              0000000D
PORTA                             00000005
PORTB                             00000006
PORTC                             00000007
PORTD                             00000008
PORTE                             00000009
PR2                               00000092
PS0                               00000000
PS1                               00000001
PS2                               00000002
PSA                               00000003
PSPIE                             00000007
PSPIF                             00000007
PSPMODE                           00000004
Point                             00000073
R                                 00000002
RA0                               00000000
MPASM  5.43                          MAIN.ASM   7-7-2024  1:38:30         PAGE 10


SYMBOL TABLE
  LABEL                             VALUE 

RA1                               00000001
RA2                               00000002
RA3                               00000003
RA4                               00000004
RA5                               00000005
RB0                               00000000
RB1                               00000001
RB2                               00000002
RB3                               00000003
RB4                               00000004
RB5                               00000005
RB6                               00000006
RB7                               00000007
RBIE                              00000003
RBIF                              00000000
RC0                               00000000
RC1                               00000001
RC2                               00000002
RC3                               00000003
RC4                               00000004
RC5                               00000005
RC6                               00000006
RC7                               00000007
RC8_9                             00000006
RC9                               00000006
RCD8                              00000000
RCEN                              00000003
RCIE                              00000005
RCIF                              00000005
RCREG                             0000001A
RCSTA                             00000018
RD                                00000000
RD0                               00000000
RD1                               00000001
RD2                               00000002
RD3                               00000003
RD4                               00000004
RD5                               00000005
RD6                               00000006
RD7                               00000007
RE0                               00000000
RE1                               00000001
RE2                               00000002
READ_WRITE                        00000002
RP0                               00000005
RP1                               00000006
RS                                00000001
RSEN                              00000001
RX9                               00000006
RX9D                              00000000
R_NOT_W                           00000002
R_W                               00000002
S                                 00000003
MPASM  5.43                          MAIN.ASM   7-7-2024  1:38:30         PAGE 11


SYMBOL TABLE
  LABEL                             VALUE 

SEN                               00000000
SMP                               00000007
SPBRG                             00000099
SPEN                              00000007
SREN                              00000005
SSPADD                            00000093
SSPBUF                            00000013
SSPCON                            00000014
SSPCON2                           00000091
SSPEN                             00000005
SSPIE                             00000003
SSPIF                             00000003
SSPM0                             00000000
SSPM1                             00000001
SSPM2                             00000002
SSPM3                             00000003
SSPOV                             00000006
SSPSTAT                           00000094
STATUS                            00000003
SYNC                              00000004
Select                            00000074
T0CS                              00000005
T0IE                              00000005
T0IF                              00000002
T0SE                              00000004
T1CKPS0                           00000004
T1CKPS1                           00000005
T1CON                             00000010
T1INSYNC                          00000002
T1OSCEN                           00000003
T1SYNC                            00000002
T2CKPS0                           00000000
T2CKPS1                           00000001
T2CON                             00000012
TMR0                              00000001
TMR0IE                            00000005
TMR0IF                            00000002
TMR1CS                            00000001
TMR1H                             0000000F
TMR1IE                            00000000
TMR1IF                            00000000
TMR1L                             0000000E
TMR1ON                            00000000
TMR2                              00000011
TMR2IE                            00000001
TMR2IF                            00000001
TMR2ON                            00000002
TOUTPS0                           00000003
TOUTPS1                           00000004
TOUTPS2                           00000005
TOUTPS3                           00000006
TRISA                             00000085
TRISA0                            00000000
MPASM  5.43                          MAIN.ASM   7-7-2024  1:38:30         PAGE 12


SYMBOL TABLE
  LABEL                             VALUE 

TRISA1                            00000001
TRISA2                            00000002
TRISA3                            00000003
TRISA4                            00000004
TRISA5                            00000005
TRISB                             00000086
TRISB0                            00000000
TRISB1                            00000001
TRISB2                            00000002
TRISB3                            00000003
TRISB4                            00000004
TRISB5                            00000005
TRISB6                            00000006
TRISB7                            00000007
TRISC                             00000087
TRISC0                            00000000
TRISC1                            00000001
TRISC2                            00000002
TRISC3                            00000003
TRISC4                            00000004
TRISC5                            00000005
TRISC6                            00000006
TRISC7                            00000007
TRISD                             00000088
TRISD0                            00000000
TRISD1                            00000001
TRISD2                            00000002
TRISD3                            00000003
TRISD4                            00000004
TRISD5                            00000005
TRISD6                            00000006
TRISD7                            00000007
TRISE                             00000089
TRISE0                            00000000
TRISE1                            00000001
TRISE2                            00000002
TRMT                              00000001
TX8_9                             00000006
TX9                               00000006
TX9D                              00000000
TXD8                              00000000
TXEN                              00000005
TXIE                              00000004
TXIF                              00000004
TXREG                             00000019
TXSTA                             00000098
Temp                              00000035
Timer1                            00000070
TimerX                            00000071
UA                                00000001
Var                               00000072
W                                 00000000
WCOL                              00000007
MPASM  5.43                          MAIN.ASM   7-7-2024  1:38:30         PAGE 13


SYMBOL TABLE
  LABEL                             VALUE 

WR                                00000001
WREN                              00000002
WRERR                             00000003
Z                                 00000002
_BODEN_OFF                        00003FBF
_BODEN_ON                         00003FFF
_BOREN_OFF                        00003FBF
_BOREN_ON                         00003FFF
_CONFIG                           00002007
_CPD_OFF                          00003FFF
_CPD_ON                           00003EFF
_CP_ALL                           00001FFF
_CP_OFF                           00003FFF
_CP_ON                            00001FFF
_DEBUG_OFF                        00003FFF
_DEBUG_ON                         000037FF
_DEVID1                           00002006
_FOSC_EXTRC                       00003FFF
_FOSC_HS                          00003FFE
_FOSC_LP                          00003FFC
_FOSC_XT                          00003FFD
_HS_OSC                           00003FFE
_IDLOC0                           00002000
_IDLOC1                           00002001
_IDLOC2                           00002002
_IDLOC3                           00002003
_LP_OSC                           00003FFC
_LVP_OFF                          00003F7F
_LVP_ON                           00003FFF
_PWRTE_OFF                        00003FFF
_PWRTE_ON                         00003FF7
_RC_OSC                           00003FFF
_WDTE_OFF                         00003FFB
_WDTE_ON                          00003FFF
_WDT_OFF                          00003FFB
_WDT_ON                           00003FFF
_WRT_1FOURTH                      00003BFF
_WRT_256                          00003DFF
_WRT_HALF                         000039FF
_WRT_OFF                          00003FFF
_XT_OSC                           00003FFD
__16F877A                         00000001
__DEBUG                           1
clear                             00000095
displayBlinks                     0000004A
inid                              0000002F
loop                              0000000E
loop1                             00000011
loopX                             00000016
loop_blink                        0000004C
onems                             0000000F
pulseE                            0000001A
send                              0000001F
MPASM  5.43                          MAIN.ASM   7-7-2024  1:38:30         PAGE 14


SYMBOL TABLE
  LABEL                             VALUE 

start                             00000008
xms                               00000015


MEMORY USAGE MAP ('X' = Used,  '-' = Unused)

0000 : XXXXXXXXXXXXXXXX XXXXXXXXXXXXXXXX XXXXXXXXXXXXXXXX XXXXXXXXXXXXXXXX
0040 : XXXXXXXXXXXXXXXX XXXXXXXXXXXXXXXX XXXXXXXXXXXXXXXX XXXXXXXXXXXXXXXX
0080 : XXXXXXXXXXXXXXXX XXXXXXXXX------- ---------------- ----------------
2000 : -------X-------- ---------------- ---------------- ----------------

All other memory blocks unused.

Program Memory Words Used:   153
Program Memory Words Free:  8039


Errors   :     0
Warnings :     3 reported,     0 suppressed
Messages :     4 reported,     0 suppressed

